<?xml version="1.0" encoding="UTF-8"?>
<testng-results ignored="0" total="1" passed="1" failed="0" skipped="0">
  <reporter-output>
  </reporter-output>
  <suite started-at="٢٠٢٥-٠٧-١٣T٢١:٠٤:١٨ EEST" name="Default suite" finished-at="٢٠٢٥-٠٧-١٣T٢١:٠٤:٥١ EEST" duration-ms="33373">
    <groups>
    </groups>
    <test started-at="٢٠٢٥-٠٧-١٣T٢١:٠٤:١٨ EEST" name="Default test" finished-at="٢٠٢٥-٠٧-١٣T٢١:٠٤:٥١ EEST" duration-ms="33373">
      <class name="Appium.Appiumproject.PressKeyAndDirectellyPage">
        <test-method is-config="true" signature="Appiumtest()[pri:0, instance:Appium.Appiumproject.PressKeyAndDirectellyPage@34f7cfd9]" started-at="٢٠٢٥-٠٧-١٣T٢١:٠٤:١٨ EEST" name="Appiumtest" finished-at="٢٠٢٥-٠٧-١٣T٢١:٠٤:٣٢ EEST" duration-ms="14437" status="PASS">
          <reporter-output>
          </reporter-output>
        </test-method> <!-- Appiumtest -->
        <test-method signature="AppiumStrat()[pri:0, instance:Appium.Appiumproject.PressKeyAndDirectellyPage@34f7cfd9]" started-at="٢٠٢٥-٠٧-١٣T٢١:٠٤:٣٢ EEST" name="AppiumStrat" finished-at="٢٠٢٥-٠٧-١٣T٢١:٠٤:٤٧ EEST" duration-ms="14883" status="PASS">
          <reporter-output>
          </reporter-output>
        </test-method> <!-- AppiumStrat -->
        <test-method is-config="true" signature="TearDown()[pri:0, instance:Appium.Appiumproject.PressKeyAndDirectellyPage@34f7cfd9]" started-at="٢٠٢٥-٠٧-١٣T٢١:٠٤:٤٧ EEST" name="TearDown" finished-at="٢٠٢٥-٠٧-١٣T٢١:٠٤:٥١ EEST" duration-ms="3983" status="PASS">
          <reporter-output>
          </reporter-output>
        </test-method> <!-- TearDown -->
      </class> <!-- Appium.Appiumproject.PressKeyAndDirectellyPage -->
    </test> <!-- Default test -->
  </suite> <!-- Default suite -->
</testng-results>
